<?xml version="1.0" encoding="UTF-8"?>
<!-- Generated by org.testng.reporters.JUnitReportReporter -->
<testsuite hostname="DESKTOP-Q0F1TSF" failures="0" tests="3" name="com.gb.TestCases.HomePageTest" time="16.319" errors="0" timestamp="2023-07-18T22:11:08 IST" skipped="0">
  <testcase classname="com.gb.TestCases.HomePageTest" name="verifyManagerHomePageTitleTest" time="5.616"/>
  <testcase classname="com.gb.TestCases.HomePageTest" name="verifyManagerHomepageHeadingTest" time="5.407"/>
  <testcase classname="com.gb.TestCases.HomePageTest" name="verifyManagerIdTest" time="5.296"/>
</testsuite> <!-- com.gb.TestCases.HomePageTest -->
