<?xml version="1.0" encoding="UTF-8"?>
<!-- Generated by org.testng.reporters.JUnitReportReporter -->
<testsuite hostname="DESKTOP-Q0F1TSF" failures="0" tests="3" name="com.gb.TestCases.LoginPageTest" time="13.601" errors="0" timestamp="2023-07-18T22:11:08 IST" skipped="0">
  <testcase classname="com.gb.TestCases.LoginPageTest" name="loginTest" time="4.293"/>
  <testcase classname="com.gb.TestCases.LoginPageTest" name="loginPageTitleTest" time="5.580"/>
  <testcase classname="com.gb.TestCases.LoginPageTest" name="GuruLoginPageHeaderTest" time="3.728"/>
</testsuite> <!-- com.gb.TestCases.LoginPageTest -->
